<?xml version="1.0" encoding="UTF-8"?>
<testng-results skipped="0" failed="0" ignored="0" total="1" passed="1">
  <reporter-output>
  </reporter-output>
  <suite name="Default suite" duration-ms="65" started-at="2021-01-06T07:10:21Z" finished-at="2021-01-06T07:10:21Z">
    <groups>
    </groups>
    <test name="Default test" duration-ms="65" started-at="2021-01-06T07:10:21Z" finished-at="2021-01-06T07:10:21Z">
      <class name="getRequest.GetMethod">
        <test-method status="PASS" signature="get()[pri:0, instance:getRequest.GetMethod@3abbfa04]" name="get" duration-ms="14" started-at="2021-01-06T07:10:21Z" finished-at="2021-01-06T07:10:21Z">
          <reporter-output>
          </reporter-output>
        </test-method> <!-- get -->
      </class> <!-- getRequest.GetMethod -->
    </test> <!-- Default test -->
  </suite> <!-- Default suite -->
</testng-results>
