<?xml version="1.0" encoding="UTF-8"?>
<testng-results skipped="0" failed="0" ignored="0" total="2" passed="2">
  <reporter-output>
  </reporter-output>
  <suite name="RestAssuredFramework" duration-ms="5605" started-at="2021-01-01T07:58:07Z" finished-at="2021-01-01T07:58:13Z">
    <groups>
    </groups>
    <test name="SIT" duration-ms="5605" started-at="2021-01-01T07:58:07Z" finished-at="2021-01-01T07:58:13Z">
      <class name="restFramework.Usercheck">
        <test-method status="PASS" signature="setUP()[pri:0, instance:restFramework.Usercheck@23e028a9]" name="setUP" is-config="true" duration-ms="1077" started-at="2021-01-01T07:58:08Z" finished-at="2021-01-01T07:58:09Z">
          <reporter-output>
          </reporter-output>
        </test-method> <!-- setUP -->
        <test-method status="PASS" signature="getEmployee()[pri:0, instance:restFramework.Usercheck@23e028a9]" name="getEmployee" duration-ms="3214" started-at="2021-01-01T07:58:09Z" finished-at="2021-01-01T07:58:12Z">
          <reporter-output>
          </reporter-output>
        </test-method> <!-- getEmployee -->
        <test-method status="PASS" signature="getEmployeenegative()[pri:0, instance:restFramework.Usercheck@23e028a9]" name="getEmployeenegative" duration-ms="1046" started-at="2021-01-01T07:58:12Z" finished-at="2021-01-01T07:58:13Z">
          <reporter-output>
          </reporter-output>
        </test-method> <!-- getEmployeenegative -->
      </class> <!-- restFramework.Usercheck -->
    </test> <!-- SIT -->
  </suite> <!-- RestAssuredFramework -->
</testng-results>
